25-02-10 23:02:00.46 [http-nio-8080-exec-1] INFO  o.a.c.c.C.[Tomcat].[localhost].[/] -
				Initializing Spring DispatcherServlet 'dispatcherServlet'
25-02-10 23:02:00.46 [http-nio-8080-exec-1] INFO  o.s.web.servlet.DispatcherServlet -
				Initializing Servlet 'dispatcherServlet'
25-02-10 23:02:00.47 [http-nio-8080-exec-1] INFO  o.s.web.servlet.DispatcherServlet -
				Completed initialization in 4 ms
25-02-10 23:02:54.98 [File Watcher] INFO  o.s.b.d.a.LocalDevToolsAutoConfiguration$RestartingClassPathChangeChangedEventListener -
				Restarting due to 1 class path change (0 additions, 0 deletions, 1 modification)
25-02-10 23:02:54.99 [Thread-39] INFO  o.s.b.w.e.tomcat.GracefulShutdown -
				Commencing graceful shutdown. Waiting for active requests to complete
25-02-10 23:02:54.99 [tomcat-shutdown] INFO  o.a.coyote.http11.Http11NioProtocol -
				Pausing ProtocolHandler ["http-nio-8080"]
25-02-10 23:02:55.72 [tomcat-shutdown] INFO  o.s.b.w.e.tomcat.GracefulShutdown -
				Graceful shutdown complete
25-02-10 23:02:55.72 [Thread-39] INFO  o.a.coyote.http11.Http11NioProtocol -
				Stopping ProtocolHandler ["http-nio-8080"]
25-02-10 23:02:55.72 [Thread-39] INFO  o.s.o.j.LocalContainerEntityManagerFactoryBean -
				Closing JPA EntityManagerFactory for persistence unit 'default'
25-02-10 23:02:55.73 [Thread-39] INFO  com.zaxxer.hikari.HikariDataSource -
				HikariPool-10 - Shutdown initiated...
25-02-10 23:02:55.74 [Thread-39] INFO  com.zaxxer.hikari.HikariDataSource -
				HikariPool-10 - Shutdown completed.
25-02-10 23:02:55.92 [restartedMain] INFO  c.c.e.c.controller.StudentController -
				I am inside main method
25-02-10 23:02:56.01 [restartedMain] INFO  c.c.e.crud_demo.CrudDemoApplication -
				Starting CrudDemoApplication using Java 17.0.11 with PID 13892 (C:\Users\YASH SHAH\Downloads\crud_demo\crud_demo\target\classes started by YASH SHAH in C:\Users\YASH SHAH\Downloads\crud_demo\crud_demo)
25-02-10 23:02:56.01 [restartedMain] INFO  c.c.e.crud_demo.CrudDemoApplication -
				No active profile set, falling back to 1 default profile: "default"
25-02-10 23:02:56.64 [restartedMain] INFO  o.s.d.r.c.RepositoryConfigurationDelegate -
				Bootstrapping Spring Data JPA repositories in DEFAULT mode.
25-02-10 23:02:56.67 [restartedMain] INFO  o.s.d.r.c.RepositoryConfigurationDelegate -
				Finished Spring Data repository scanning in 29 ms. Found 1 JPA repository interface.
25-02-10 23:02:57.00 [restartedMain] INFO  o.s.b.w.e.tomcat.TomcatWebServer -
				Tomcat initialized with port 8080 (http)
25-02-10 23:02:57.01 [restartedMain] INFO  o.a.coyote.http11.Http11NioProtocol -
				Initializing ProtocolHandler ["http-nio-8080"]
25-02-10 23:02:57.01 [restartedMain] INFO  o.a.catalina.core.StandardService -
				Starting service [Tomcat]
25-02-10 23:02:57.01 [restartedMain] INFO  o.a.catalina.core.StandardEngine -
				Starting Servlet engine: [Apache Tomcat/10.1.34]
25-02-10 23:02:57.07 [restartedMain] INFO  o.a.c.c.C.[Tomcat].[localhost].[/] -
				Initializing Spring embedded WebApplicationContext
25-02-10 23:02:57.07 [restartedMain] INFO  o.s.b.w.s.c.ServletWebServerApplicationContext -
				Root WebApplicationContext: initialization completed in 1059 ms
25-02-10 23:02:57.34 [restartedMain] INFO  o.h.jpa.internal.util.LogHelper -
				HHH000204: Processing PersistenceUnitInfo [name: default]
25-02-10 23:02:57.35 [restartedMain] INFO  o.h.c.i.RegionFactoryInitiator -
				HHH000026: Second-level cache disabled
25-02-10 23:02:57.38 [restartedMain] INFO  o.s.o.j.p.SpringPersistenceUnitInfo -
				No LoadTimeWeaver setup: ignoring JPA class transformer
25-02-10 23:02:57.38 [restartedMain] INFO  com.zaxxer.hikari.HikariDataSource -
				HikariPool-11 - Starting...
25-02-10 23:02:57.44 [restartedMain] INFO  com.zaxxer.hikari.pool.HikariPool -
				HikariPool-11 - Added connection com.mysql.cj.jdbc.ConnectionImpl@4b3196c5
25-02-10 23:02:57.44 [restartedMain] INFO  com.zaxxer.hikari.HikariDataSource -
				HikariPool-11 - Start completed.
25-02-10 23:02:57.45 [restartedMain] INFO  o.hibernate.orm.connections.pooling -
				HHH10001005: Database info:
	Database JDBC URL [Connecting through datasource 'HikariDataSource (HikariPool-11)']
	Database driver: undefined/unknown
	Database version: 8.0.27
	Autocommit mode: undefined/unknown
	Isolation level: undefined/unknown
	Minimum pool size: undefined/unknown
	Maximum pool size: undefined/unknown
25-02-10 23:02:57.53 [restartedMain] INFO  o.h.e.t.j.p.i.JtaPlatformInitiator -
				HHH000489: No JTA platform available (set 'hibernate.transaction.jta.platform' to enable JTA platform integration)
25-02-10 23:02:57.61 [restartedMain] INFO  o.s.o.j.LocalContainerEntityManagerFactoryBean -
				Initialized JPA EntityManagerFactory for persistence unit 'default'
25-02-10 23:02:57.84 [restartedMain] WARN  o.s.b.a.o.j.JpaBaseConfiguration$JpaWebConfiguration -
				spring.jpa.open-in-view is enabled by default. Therefore, database queries may be performed during view rendering. Explicitly configure spring.jpa.open-in-view to disable this warning
25-02-10 23:02:58.71 [restartedMain] INFO  o.s.b.d.a.OptionalLiveReloadServer -
				LiveReload server is running on port 35729
25-02-10 23:02:58.73 [restartedMain] INFO  o.s.b.a.e.web.EndpointLinksResolver -
				Exposing 14 endpoints beneath base path '/admin'
25-02-10 23:02:58.78 [restartedMain] INFO  o.a.coyote.http11.Http11NioProtocol -
				Starting ProtocolHandler ["http-nio-8080"]
25-02-10 23:02:58.79 [restartedMain] INFO  o.s.b.w.e.tomcat.TomcatWebServer -
				Tomcat started on port 8080 (http) with context path '/'
25-02-10 23:02:58.80 [restartedMain] INFO  c.c.e.crud_demo.CrudDemoApplication -
				Started CrudDemoApplication in 2.877 seconds (process running for 1427.61)
25-02-10 23:02:58.81 [restartedMain] INFO  o.s.b.d.a.ConditionEvaluationDeltaLoggingListener -
				Condition evaluation unchanged
