25-02-10 23:01:44.34 [File Watcher] INFO  o.s.b.d.a.LocalDevToolsAutoConfiguration$RestartingClassPathChangeChangedEventListener -
				Restarting due to 1 class path change (0 additions, 0 deletions, 1 modification)
25-02-10 23:01:44.34 [Thread-31] INFO  o.s.b.w.e.tomcat.GracefulShutdown -
				Commencing graceful shutdown. Waiting for active requests to complete
25-02-10 23:01:44.35 [tomcat-shutdown] INFO  o.a.coyote.http11.Http11NioProtocol -
				Pausing ProtocolHandler ["http-nio-8080"]
25-02-10 23:01:45.13 [tomcat-shutdown] INFO  o.s.b.w.e.tomcat.GracefulShutdown -
				Graceful shutdown complete
25-02-10 23:01:45.14 [Thread-31] INFO  o.a.coyote.http11.Http11NioProtocol -
				Stopping ProtocolHandler ["http-nio-8080"]
25-02-10 23:01:45.14 [Thread-31] INFO  o.s.o.j.LocalContainerEntityManagerFactoryBean -
				Closing JPA EntityManagerFactory for persistence unit 'default'
25-02-10 23:01:45.16 [Thread-31] INFO  com.zaxxer.hikari.HikariDataSource -
				HikariPool-8 - Shutdown initiated...
25-02-10 23:01:45.19 [Thread-31] INFO  com.zaxxer.hikari.HikariDataSource -
				HikariPool-8 - Shutdown completed.
25-02-10 23:01:45.36 [restartedMain] INFO  c.c.e.c.controller.StudentController -
				I am inside main method
25-02-10 23:01:45.49 [restartedMain] INFO  c.c.e.crud_demo.CrudDemoApplication -
				Starting CrudDemoApplication using Java 17.0.11 with PID 13892 (C:\Users\YASH SHAH\Downloads\crud_demo\crud_demo\target\classes started by YASH SHAH in C:\Users\YASH SHAH\Downloads\crud_demo\crud_demo)
25-02-10 23:01:45.49 [restartedMain] INFO  c.c.e.crud_demo.CrudDemoApplication -
				No active profile set, falling back to 1 default profile: "default"
25-02-10 23:01:46.65 [restartedMain] INFO  o.s.d.r.c.RepositoryConfigurationDelegate -
				Bootstrapping Spring Data JPA repositories in DEFAULT mode.
25-02-10 23:01:46.74 [restartedMain] INFO  o.s.d.r.c.RepositoryConfigurationDelegate -
				Finished Spring Data repository scanning in 76 ms. Found 1 JPA repository interface.
25-02-10 23:01:47.15 [restartedMain] INFO  o.s.b.w.e.tomcat.TomcatWebServer -
				Tomcat initialized with port 8080 (http)
25-02-10 23:01:47.15 [restartedMain] INFO  o.a.coyote.http11.Http11NioProtocol -
				Initializing ProtocolHandler ["http-nio-8080"]
25-02-10 23:01:47.15 [restartedMain] INFO  o.a.catalina.core.StandardService -
				Starting service [Tomcat]
25-02-10 23:01:47.15 [restartedMain] INFO  o.a.catalina.core.StandardEngine -
				Starting Servlet engine: [Apache Tomcat/10.1.34]
25-02-10 23:01:47.20 [restartedMain] INFO  o.a.c.c.C.[Tomcat].[localhost].[/] -
				Initializing Spring embedded WebApplicationContext
25-02-10 23:01:47.20 [restartedMain] INFO  o.s.b.w.s.c.ServletWebServerApplicationContext -
				Root WebApplicationContext: initialization completed in 1689 ms
25-02-10 23:01:47.48 [restartedMain] INFO  o.h.jpa.internal.util.LogHelper -
				HHH000204: Processing PersistenceUnitInfo [name: default]
25-02-10 23:01:47.49 [restartedMain] INFO  o.h.c.i.RegionFactoryInitiator -
				HHH000026: Second-level cache disabled
25-02-10 23:01:47.51 [restartedMain] INFO  o.s.o.j.p.SpringPersistenceUnitInfo -
				No LoadTimeWeaver setup: ignoring JPA class transformer
25-02-10 23:01:47.51 [restartedMain] INFO  com.zaxxer.hikari.HikariDataSource -
				HikariPool-9 - Starting...
25-02-10 23:01:47.54 [restartedMain] INFO  com.zaxxer.hikari.pool.HikariPool -
				HikariPool-9 - Added connection com.mysql.cj.jdbc.ConnectionImpl@187b2727
25-02-10 23:01:47.54 [restartedMain] INFO  com.zaxxer.hikari.HikariDataSource -
				HikariPool-9 - Start completed.
25-02-10 23:01:47.54 [restartedMain] INFO  o.hibernate.orm.connections.pooling -
				HHH10001005: Database info:
	Database JDBC URL [Connecting through datasource 'HikariDataSource (HikariPool-9)']
	Database driver: undefined/unknown
	Database version: 8.0.27
	Autocommit mode: undefined/unknown
	Isolation level: undefined/unknown
	Minimum pool size: undefined/unknown
	Maximum pool size: undefined/unknown
25-02-10 23:01:47.61 [restartedMain] INFO  o.h.e.t.j.p.i.JtaPlatformInitiator -
				HHH000489: No JTA platform available (set 'hibernate.transaction.jta.platform' to enable JTA platform integration)
25-02-10 23:01:47.70 [restartedMain] INFO  o.s.o.j.LocalContainerEntityManagerFactoryBean -
				Initialized JPA EntityManagerFactory for persistence unit 'default'
25-02-10 23:01:47.96 [restartedMain] WARN  o.s.b.a.o.j.JpaBaseConfiguration$JpaWebConfiguration -
				spring.jpa.open-in-view is enabled by default. Therefore, database queries may be performed during view rendering. Explicitly configure spring.jpa.open-in-view to disable this warning
25-02-10 23:01:48.58 [restartedMain] INFO  o.s.b.d.a.OptionalLiveReloadServer -
				LiveReload server is running on port 35729
25-02-10 23:01:48.59 [restartedMain] INFO  o.s.b.a.e.web.EndpointLinksResolver -
				Exposing 14 endpoints beneath base path '/admin'
25-02-10 23:01:48.65 [restartedMain] INFO  o.a.coyote.http11.Http11NioProtocol -
				Starting ProtocolHandler ["http-nio-8080"]
25-02-10 23:01:48.68 [restartedMain] INFO  o.s.b.w.e.tomcat.TomcatWebServer -
				Tomcat started on port 8080 (http) with context path '/'
25-02-10 23:01:48.70 [restartedMain] INFO  c.c.e.crud_demo.CrudDemoApplication -
				Started CrudDemoApplication in 3.331 seconds (process running for 1357.507)
25-02-10 23:01:48.70 [restartedMain] INFO  o.s.b.d.a.ConditionEvaluationDeltaLoggingListener -
				Condition evaluation unchanged
25-02-10 23:01:50.03 [File Watcher] INFO  o.s.b.d.a.LocalDevToolsAutoConfiguration$RestartingClassPathChangeChangedEventListener -
				Restarting due to 1 class path change (0 additions, 0 deletions, 1 modification)
25-02-10 23:01:50.03 [Thread-35] INFO  o.s.b.w.e.tomcat.GracefulShutdown -
				Commencing graceful shutdown. Waiting for active requests to complete
25-02-10 23:01:50.04 [tomcat-shutdown] INFO  o.a.coyote.http11.Http11NioProtocol -
				Pausing ProtocolHandler ["http-nio-8080"]
25-02-10 23:01:50.70 [tomcat-shutdown] INFO  o.s.b.w.e.tomcat.GracefulShutdown -
				Graceful shutdown complete
25-02-10 23:01:50.70 [Thread-35] INFO  o.a.coyote.http11.Http11NioProtocol -
				Stopping ProtocolHandler ["http-nio-8080"]
25-02-10 23:01:50.70 [Thread-35] INFO  o.s.o.j.LocalContainerEntityManagerFactoryBean -
				Closing JPA EntityManagerFactory for persistence unit 'default'
25-02-10 23:01:50.70 [Thread-35] INFO  com.zaxxer.hikari.HikariDataSource -
				HikariPool-9 - Shutdown initiated...
25-02-10 23:01:50.72 [Thread-35] INFO  com.zaxxer.hikari.HikariDataSource -
				HikariPool-9 - Shutdown completed.
25-02-10 23:01:50.82 [restartedMain] INFO  c.c.e.c.controller.StudentController -
				I am inside main method
25-02-10 23:01:50.88 [restartedMain] INFO  c.c.e.crud_demo.CrudDemoApplication -
				Starting CrudDemoApplication using Java 17.0.11 with PID 13892 (C:\Users\YASH SHAH\Downloads\crud_demo\crud_demo\target\classes started by YASH SHAH in C:\Users\YASH SHAH\Downloads\crud_demo\crud_demo)
25-02-10 23:01:50.88 [restartedMain] INFO  c.c.e.crud_demo.CrudDemoApplication -
				No active profile set, falling back to 1 default profile: "default"
25-02-10 23:01:51.55 [restartedMain] INFO  o.s.d.r.c.RepositoryConfigurationDelegate -
				Bootstrapping Spring Data JPA repositories in DEFAULT mode.
25-02-10 23:01:51.57 [restartedMain] INFO  o.s.d.r.c.RepositoryConfigurationDelegate -
				Finished Spring Data repository scanning in 16 ms. Found 1 JPA repository interface.
25-02-10 23:01:51.74 [restartedMain] INFO  o.s.b.w.e.tomcat.TomcatWebServer -
				Tomcat initialized with port 8080 (http)
25-02-10 23:01:51.74 [restartedMain] INFO  o.a.coyote.http11.Http11NioProtocol -
				Initializing ProtocolHandler ["http-nio-8080"]
25-02-10 23:01:51.74 [restartedMain] INFO  o.a.catalina.core.StandardService -
				Starting service [Tomcat]
25-02-10 23:01:51.74 [restartedMain] INFO  o.a.catalina.core.StandardEngine -
				Starting Servlet engine: [Apache Tomcat/10.1.34]
25-02-10 23:01:51.79 [restartedMain] INFO  o.a.c.c.C.[Tomcat].[localhost].[/] -
				Initializing Spring embedded WebApplicationContext
25-02-10 23:01:51.79 [restartedMain] INFO  o.s.b.w.s.c.ServletWebServerApplicationContext -
				Root WebApplicationContext: initialization completed in 902 ms
25-02-10 23:01:51.96 [restartedMain] INFO  o.h.jpa.internal.util.LogHelper -
				HHH000204: Processing PersistenceUnitInfo [name: default]
25-02-10 23:01:51.96 [restartedMain] INFO  o.h.c.i.RegionFactoryInitiator -
				HHH000026: Second-level cache disabled
25-02-10 23:01:51.98 [restartedMain] INFO  o.s.o.j.p.SpringPersistenceUnitInfo -
				No LoadTimeWeaver setup: ignoring JPA class transformer
25-02-10 23:01:51.98 [restartedMain] INFO  com.zaxxer.hikari.HikariDataSource -
				HikariPool-10 - Starting...
25-02-10 23:01:52.02 [restartedMain] INFO  com.zaxxer.hikari.pool.HikariPool -
				HikariPool-10 - Added connection com.mysql.cj.jdbc.ConnectionImpl@69f9a19b
25-02-10 23:01:52.02 [restartedMain] INFO  com.zaxxer.hikari.HikariDataSource -
				HikariPool-10 - Start completed.
25-02-10 23:01:52.03 [restartedMain] INFO  o.hibernate.orm.connections.pooling -
				HHH10001005: Database info:
	Database JDBC URL [Connecting through datasource 'HikariDataSource (HikariPool-10)']
	Database driver: undefined/unknown
	Database version: 8.0.27
	Autocommit mode: undefined/unknown
	Isolation level: undefined/unknown
	Minimum pool size: undefined/unknown
	Maximum pool size: undefined/unknown
25-02-10 23:01:52.09 [restartedMain] INFO  o.h.e.t.j.p.i.JtaPlatformInitiator -
				HHH000489: No JTA platform available (set 'hibernate.transaction.jta.platform' to enable JTA platform integration)
25-02-10 23:01:52.11 [restartedMain] INFO  o.s.o.j.LocalContainerEntityManagerFactoryBean -
				Initialized JPA EntityManagerFactory for persistence unit 'default'
25-02-10 23:01:52.26 [restartedMain] WARN  o.s.b.a.o.j.JpaBaseConfiguration$JpaWebConfiguration -
				spring.jpa.open-in-view is enabled by default. Therefore, database queries may be performed during view rendering. Explicitly configure spring.jpa.open-in-view to disable this warning
25-02-10 23:01:52.90 [restartedMain] INFO  o.s.b.d.a.OptionalLiveReloadServer -
				LiveReload server is running on port 35729
25-02-10 23:01:52.91 [restartedMain] INFO  o.s.b.a.e.web.EndpointLinksResolver -
				Exposing 14 endpoints beneath base path '/admin'
25-02-10 23:01:52.95 [restartedMain] INFO  o.a.coyote.http11.Http11NioProtocol -
				Starting ProtocolHandler ["http-nio-8080"]
25-02-10 23:01:52.96 [restartedMain] INFO  o.s.b.w.e.tomcat.TomcatWebServer -
				Tomcat started on port 8080 (http) with context path '/'
25-02-10 23:01:52.97 [restartedMain] INFO  c.c.e.crud_demo.CrudDemoApplication -
				Started CrudDemoApplication in 2.144 seconds (process running for 1361.783)
25-02-10 23:01:52.98 [restartedMain] INFO  o.s.b.d.a.ConditionEvaluationDeltaLoggingListener -
				Condition evaluation unchanged
