25-02-10 23:09:13.62 [restartedMain] INFO  c.c.e.c.controller.StudentController -
				I am inside main method
25-02-10 23:09:13.82 [restartedMain] INFO  c.c.e.crud_demo.CrudDemoApplication -
				Starting CrudDemoApplication using Java 17.0.11 with PID 13892 (C:\Users\YASH SHAH\Downloads\crud_demo\crud_demo\target\classes started by YASH SHAH in C:\Users\YASH SHAH\Downloads\crud_demo\crud_demo)
25-02-10 23:09:13.82 [restartedMain] INFO  c.c.e.crud_demo.CrudDemoApplication -
				No active profile set, falling back to 1 default profile: "default"
25-02-10 23:09:14.58 [restartedMain] INFO  o.s.d.r.c.RepositoryConfigurationDelegate -
				Bootstrapping Spring Data JPA repositories in DEFAULT mode.
25-02-10 23:09:14.60 [restartedMain] INFO  o.s.d.r.c.RepositoryConfigurationDelegate -
				Finished Spring Data repository scanning in 23 ms. Found 1 JPA repository interface.
25-02-10 23:09:14.88 [restartedMain] INFO  o.s.b.w.e.tomcat.TomcatWebServer -
				Tomcat initialized with port 8080 (http)
25-02-10 23:09:14.88 [restartedMain] INFO  o.a.coyote.http11.Http11NioProtocol -
				Initializing ProtocolHandler ["http-nio-8080"]
25-02-10 23:09:14.88 [restartedMain] INFO  o.a.catalina.core.StandardService -
				Starting service [Tomcat]
25-02-10 23:09:14.88 [restartedMain] INFO  o.a.catalina.core.StandardEngine -
				Starting Servlet engine: [Apache Tomcat/10.1.34]
25-02-10 23:09:14.92 [restartedMain] INFO  o.a.c.c.C.[Tomcat-2].[localhost].[/] -
				Initializing Spring embedded WebApplicationContext
25-02-10 23:09:14.92 [restartedMain] INFO  o.s.b.w.s.c.ServletWebServerApplicationContext -
				Root WebApplicationContext: initialization completed in 1096 ms
25-02-10 23:09:15.13 [restartedMain] INFO  o.h.jpa.internal.util.LogHelper -
				HHH000204: Processing PersistenceUnitInfo [name: default]
25-02-10 23:09:15.14 [restartedMain] INFO  o.h.c.i.RegionFactoryInitiator -
				HHH000026: Second-level cache disabled
25-02-10 23:09:15.16 [restartedMain] INFO  o.s.o.j.p.SpringPersistenceUnitInfo -
				No LoadTimeWeaver setup: ignoring JPA class transformer
25-02-10 23:09:15.16 [restartedMain] INFO  com.zaxxer.hikari.HikariDataSource -
				HikariPool-16 - Starting...
25-02-10 23:09:15.36 [restartedMain] INFO  com.zaxxer.hikari.pool.HikariPool -
				HikariPool-16 - Added connection com.mysql.cj.jdbc.ConnectionImpl@786316e6
25-02-10 23:09:15.36 [restartedMain] INFO  com.zaxxer.hikari.HikariDataSource -
				HikariPool-16 - Start completed.
25-02-10 23:09:15.37 [restartedMain] INFO  o.hibernate.orm.connections.pooling -
				HHH10001005: Database info:
	Database JDBC URL [Connecting through datasource 'HikariDataSource (HikariPool-16)']
	Database driver: undefined/unknown
	Database version: 8.0.27
	Autocommit mode: undefined/unknown
	Isolation level: undefined/unknown
	Minimum pool size: undefined/unknown
	Maximum pool size: undefined/unknown
25-02-10 23:09:15.46 [restartedMain] INFO  o.h.e.t.j.p.i.JtaPlatformInitiator -
				HHH000489: No JTA platform available (set 'hibernate.transaction.jta.platform' to enable JTA platform integration)
25-02-10 23:09:15.98 [restartedMain] INFO  o.s.o.j.LocalContainerEntityManagerFactoryBean -
				Initialized JPA EntityManagerFactory for persistence unit 'default'
25-02-10 23:09:16.21 [restartedMain] WARN  o.s.b.a.o.j.JpaBaseConfiguration$JpaWebConfiguration -
				spring.jpa.open-in-view is enabled by default. Therefore, database queries may be performed during view rendering. Explicitly configure spring.jpa.open-in-view to disable this warning
25-02-10 23:09:16.90 [restartedMain] INFO  o.s.b.d.a.OptionalLiveReloadServer -
				LiveReload server is running on port 35729
25-02-10 23:09:16.91 [restartedMain] INFO  o.s.b.a.e.web.EndpointLinksResolver -
				Exposing 14 endpoints beneath base path '/admin'
25-02-10 23:09:16.95 [restartedMain] INFO  o.a.coyote.http11.Http11NioProtocol -
				Starting ProtocolHandler ["http-nio-8080"]
25-02-10 23:09:16.97 [restartedMain] INFO  o.s.b.w.e.tomcat.TomcatWebServer -
				Tomcat started on port 8080 (http) with context path '/'
25-02-10 23:09:16.99 [restartedMain] INFO  c.c.e.crud_demo.CrudDemoApplication -
				Started CrudDemoApplication in 3.36 seconds (process running for 1805.798)
25-02-10 23:09:17.00 [restartedMain] INFO  o.s.b.d.a.ConditionEvaluationDeltaLoggingListener -
				Condition evaluation unchanged
25-02-10 23:09:22.55 [http-nio-8080-exec-1] INFO  o.a.c.c.C.[Tomcat-2].[localhost].[/] -
				Initializing Spring DispatcherServlet 'dispatcherServlet'
25-02-10 23:09:22.55 [http-nio-8080-exec-1] INFO  o.s.web.servlet.DispatcherServlet -
				Initializing Servlet 'dispatcherServlet'
25-02-10 23:09:22.56 [http-nio-8080-exec-1] INFO  o.s.web.servlet.DispatcherServlet -
				Completed initialization in 6 ms
