25-02-10 23:03:04.10 [http-nio-8080-exec-2] INFO  o.a.c.c.C.[Tomcat].[localhost].[/] -
				Initializing Spring DispatcherServlet 'dispatcherServlet'
25-02-10 23:03:04.10 [http-nio-8080-exec-2] INFO  o.s.web.servlet.DispatcherServlet -
				Initializing Servlet 'dispatcherServlet'
25-02-10 23:03:04.11 [http-nio-8080-exec-2] INFO  o.s.web.servlet.DispatcherServlet -
				Completed initialization in 5 ms
25-02-10 23:03:41.23 [File Watcher] INFO  o.s.b.d.a.LocalDevToolsAutoConfiguration$RestartingClassPathChangeChangedEventListener -
				Restarting due to 1 class path change (0 additions, 0 deletions, 1 modification)
25-02-10 23:03:41.24 [Thread-43] INFO  o.s.b.w.e.tomcat.GracefulShutdown -
				Commencing graceful shutdown. Waiting for active requests to complete
25-02-10 23:03:41.24 [tomcat-shutdown] INFO  o.a.coyote.http11.Http11NioProtocol -
				Pausing ProtocolHandler ["http-nio-8080"]
25-02-10 23:03:41.94 [tomcat-shutdown] INFO  o.s.b.w.e.tomcat.GracefulShutdown -
				Graceful shutdown complete
25-02-10 23:03:41.95 [Thread-43] INFO  o.a.coyote.http11.Http11NioProtocol -
				Stopping ProtocolHandler ["http-nio-8080"]
25-02-10 23:03:41.95 [Thread-43] INFO  o.s.o.j.LocalContainerEntityManagerFactoryBean -
				Closing JPA EntityManagerFactory for persistence unit 'default'
25-02-10 23:03:41.95 [Thread-43] INFO  com.zaxxer.hikari.HikariDataSource -
				HikariPool-11 - Shutdown initiated...
25-02-10 23:03:41.96 [Thread-43] INFO  com.zaxxer.hikari.HikariDataSource -
				HikariPool-11 - Shutdown completed.
25-02-10 23:03:42.07 [restartedMain] INFO  c.c.e.c.controller.StudentController -
				I am inside main method
25-02-10 23:03:42.12 [restartedMain] INFO  c.c.e.crud_demo.CrudDemoApplication -
				Starting CrudDemoApplication using Java 17.0.11 with PID 13892 (C:\Users\YASH SHAH\Downloads\crud_demo\crud_demo\target\classes started by YASH SHAH in C:\Users\YASH SHAH\Downloads\crud_demo\crud_demo)
25-02-10 23:03:42.12 [restartedMain] INFO  c.c.e.crud_demo.CrudDemoApplication -
				No active profile set, falling back to 1 default profile: "default"
25-02-10 23:03:42.53 [restartedMain] INFO  o.s.d.r.c.RepositoryConfigurationDelegate -
				Bootstrapping Spring Data JPA repositories in DEFAULT mode.
25-02-10 23:03:42.55 [restartedMain] INFO  o.s.d.r.c.RepositoryConfigurationDelegate -
				Finished Spring Data repository scanning in 19 ms. Found 1 JPA repository interface.
25-02-10 23:03:42.76 [restartedMain] INFO  o.s.b.w.e.tomcat.TomcatWebServer -
				Tomcat initialized with port 8080 (http)
25-02-10 23:03:42.76 [restartedMain] INFO  o.a.coyote.http11.Http11NioProtocol -
				Initializing ProtocolHandler ["http-nio-8080"]
25-02-10 23:03:42.76 [restartedMain] INFO  o.a.catalina.core.StandardService -
				Starting service [Tomcat]
25-02-10 23:03:42.76 [restartedMain] INFO  o.a.catalina.core.StandardEngine -
				Starting Servlet engine: [Apache Tomcat/10.1.34]
25-02-10 23:03:42.81 [restartedMain] INFO  o.a.c.c.C.[Tomcat].[localhost].[/] -
				Initializing Spring embedded WebApplicationContext
25-02-10 23:03:42.81 [restartedMain] INFO  o.s.b.w.s.c.ServletWebServerApplicationContext -
				Root WebApplicationContext: initialization completed in 680 ms
25-02-10 23:03:43.25 [restartedMain] INFO  o.h.jpa.internal.util.LogHelper -
				HHH000204: Processing PersistenceUnitInfo [name: default]
25-02-10 23:03:43.25 [restartedMain] INFO  o.h.c.i.RegionFactoryInitiator -
				HHH000026: Second-level cache disabled
25-02-10 23:03:43.27 [restartedMain] INFO  o.s.o.j.p.SpringPersistenceUnitInfo -
				No LoadTimeWeaver setup: ignoring JPA class transformer
25-02-10 23:03:43.27 [restartedMain] INFO  com.zaxxer.hikari.HikariDataSource -
				HikariPool-12 - Starting...
25-02-10 23:03:43.29 [restartedMain] INFO  com.zaxxer.hikari.pool.HikariPool -
				HikariPool-12 - Added connection com.mysql.cj.jdbc.ConnectionImpl@7663ba2c
25-02-10 23:03:43.29 [restartedMain] INFO  com.zaxxer.hikari.HikariDataSource -
				HikariPool-12 - Start completed.
25-02-10 23:03:43.30 [restartedMain] INFO  o.hibernate.orm.connections.pooling -
				HHH10001005: Database info:
	Database JDBC URL [Connecting through datasource 'HikariDataSource (HikariPool-12)']
	Database driver: undefined/unknown
	Database version: 8.0.27
	Autocommit mode: undefined/unknown
	Isolation level: undefined/unknown
	Minimum pool size: undefined/unknown
	Maximum pool size: undefined/unknown
25-02-10 23:03:43.35 [restartedMain] INFO  o.h.e.t.j.p.i.JtaPlatformInitiator -
				HHH000489: No JTA platform available (set 'hibernate.transaction.jta.platform' to enable JTA platform integration)
25-02-10 23:03:43.37 [restartedMain] INFO  o.s.o.j.LocalContainerEntityManagerFactoryBean -
				Initialized JPA EntityManagerFactory for persistence unit 'default'
25-02-10 23:03:43.52 [restartedMain] WARN  o.s.b.a.o.j.JpaBaseConfiguration$JpaWebConfiguration -
				spring.jpa.open-in-view is enabled by default. Therefore, database queries may be performed during view rendering. Explicitly configure spring.jpa.open-in-view to disable this warning
25-02-10 23:03:44.14 [restartedMain] INFO  o.s.b.d.a.OptionalLiveReloadServer -
				LiveReload server is running on port 35729
25-02-10 23:03:44.15 [restartedMain] INFO  o.s.b.a.e.web.EndpointLinksResolver -
				Exposing 14 endpoints beneath base path '/admin'
25-02-10 23:03:44.22 [restartedMain] INFO  o.a.coyote.http11.Http11NioProtocol -
				Starting ProtocolHandler ["http-nio-8080"]
25-02-10 23:03:44.23 [restartedMain] INFO  o.s.b.w.e.tomcat.TomcatWebServer -
				Tomcat started on port 8080 (http) with context path '/'
25-02-10 23:03:44.24 [restartedMain] INFO  c.c.e.crud_demo.CrudDemoApplication -
				Started CrudDemoApplication in 2.157 seconds (process running for 1473.046)
25-02-10 23:03:44.24 [restartedMain] INFO  o.s.b.d.a.ConditionEvaluationDeltaLoggingListener -
				Condition evaluation unchanged
